6/30 上午
1. 实现了commit push进GitHub
   在push时总是报错
   最后发下是没有先pull，下载最新的版本
   两端不一样
2. 安装了Python
3. 安装了Pycharm

6/30 下午
1. 下载了jdk，配置好了Java环境
2. 配置好了spark
3. 获取了NOAA官网上的数据

7/1
1. 通过pip命令安装了Python包
2. 下载配置了VMware和Ubuntu
    一开始装的VMware 15 player找了很久无法找到网络配置
    后来重新下载安装pro版本
    配置网络时总是配置错误，动不动就没网……
    还在不断的找出错误中

7/2
1. 学习了ARIMA数据模型，AR模型，MA模型
2. 学习了ACF，PACF，AIC和BIC等函数，
    了解如何选择p值和q值
3. 初步学习了json数据

7/3
1. 在spark中进行了数据清洗
2. 在pycharm中进行ARIMA建模
    发现numpy，pandas，statsmodels报错
    后来发现是本地Python包没有导入，进行了本地Python包的导入
3. 对数据进行了一阶差分，尝试找出合适的p和q，但代码还在报错，在debug中

7/4
1. 进行差分，建立了ARIMA模型
2. 验证了模型是否符合正态分布
3. 生成了预测数据与效果展示图
4. 组内进一步分工明确了任务
    前端开始学习spring，后端配置flask

7/5
1. 完成了数据传输发送端的代码
2. 配置好了flask框架
3. 进一步明确了组内任务分工与方向

7/6
1.  深度学习了flask框架
     准备实现前后端数据传输

7/7
1. 完成了socket实现数据传输

7/8
1. 将socket数据传输改成了一个方法，可以传参并调用
2. 实现了服务器和客户端双向传输
3. 与网页后端和算法后端进行对接

7/9
1. 上午对接时发现一个问题，在socket数据传输部分，
    算法后端传输一次数据后服务器就关闭了，
    这样网页后端再要传输数据给算法后端需要再手动运行算法后端服务器，
    修改后保持算法后端服务器一直开着，等待网页后端传输口令过来。
2. 数据传输部分基本完成，转向项目文档的书写。

7/10
1. 对数据传输部分代码进行完善。
2. 编写手册里数据传输部分的文档。

7/11
1. 算法后台更新方法为计算不同区域的时候，数据传输部分的交接有些问题，
    在经历下午的debug后解决了
2. 确认了PPT模板与个人PPT部分的分工

7/12
1. 将word文档与PPT完成汇总
2. 进行了答辩演练
3. 晚上得知需要六个文档，正在将原来的文档进行拆分，有需要的进行补齐