今天首先尝试使用git，组长新建了代码仓库，让我们尝试进行从客户端克隆，推送代码仓库。
首先进行了Git客户端的安装与配置。
然后设置SSH密钥和HTTPS密钥。
最后分别尝试了使用HTTP协议和SSH协议从客户端克隆推送代码仓库。
在进行过程中，出现了一些权限问题报错，显示没有权限，在组长改过权限后，问题解决了。
在完整的看完项目任务后，感觉要安装的配置的东西很多，要使用的知识也很广。
感觉在小学期期间要完成任务还需要自学掌握许多知识。同时对团队协作的要求很高。

7.1
我主要进行的是环境安装，包括Spark环境配置，python安装，安装依赖包和虚拟机的配置。
在进行之前的配置的过程中，我遇到了以下问题：
Spark环境配置之后，在命令行输入pyspark，并没有出现安装成功的界面。
解决方法：在环境变量中没有准确添加路径，更改之后，问题解决。
虚拟机安装过程无从下手，找不到设置ip，找不到修改文件的终端在哪。
解决方法：合理利用搜索引擎，查看教程，找到相应位置。



7.2
今天主要进行python的基础学习，
arima时间序列模型的学习
python处理类处理Json

7.3
进行了数据清洗
对arima建立了基本模型，但还在调试

7.4
ARIMA模型建立完毕，生成了预测模型
完成Json格式处理
python类的创建

7.5
完成数据传输
与小组讨论flask框架
优化arima模型

7.5
今天发现arima模型还存在许多问题，进行进一步优化
明确了小组分工