6/30
学习了git的使用，并成功上传测试文件
完成了Python的安装与环境配置
完成了PyCharm的安装配置
重新更改JDK的路径，并完成配置，通过测试
Hadoop下载失败，尝试翻墙失败，转向寻求同组成员帮助，完成下载
完成spark安装与配置，通过测试

7/1
安装了项目所需的Python包：pandas包，numpy包与matplotlib包
在安装statsmodels包时，先后两次与百分之六十进度卡死，之后五次尝试均以timeout的结果告终，安装失败
询问同组成员得知失败原因是网络问题，需要合适的时间点才可以安装，故计划于明天再次尝试
成功下载与安装VMware以及Ubuntu，但还未进行测试

7/2
通过学习了解到Statsmodels包配置失败可能与源有关，于是更换了中国科技大学的镜像网站作为数据源，成功完成配置
明确了小组下一步目标，学习了时间序列知识，ARMA模型与ARIMA模型，准备建立基于时间序列的数据模型

7/3
进行数据清洗
学习了ACF，PACF，AIC和BIC等函数
初步学习如何选择p值和q值
学习了json数据

7/4
下午有点事要忙，没来得及跟进进度
得知组员已经完成了ARIMA模型的建立，且生成了预测模型，遂暂时放手相关工作
和组员一起讨论后，分配了下一步的任务，开始转向学习spring

7/5
配置flask路由
完成myeclipse的安装与配置
学习spring，完成项目配置

7/6
小组通过中期答辩
改变后期路线，改为只通过flask框架完成项目
重新学习websocket基本知识
了解websocke常用的方法与事件
设计前端网页

7/7
调整前段web网页
学习web网页布局
定义网页的页眉，容器以及页脚
增加网页背景
将html文件等上传

7/8
小组继续明确任务
学习网页数据传输与接受

7/9
继续设计前端网页
新增个人设置页面
